[ 2026-05-23 10:09:25,547 ] 1025 httpx - INFO - HTTP Request: GET https://dagshub.com/api/v1/user "HTTP/1.1 200 OK"
[ 2026-05-23 10:09:25,561 ] 107 dagshub - INFO - Accessing as Tanvi2307
[ 2026-05-23 10:09:26,337 ] 1025 httpx - INFO - HTTP Request: GET https://dagshub.com/api/v1/repos/Tanvi2307/NetworkSecurity-ml-project "HTTP/1.1 200 OK"
[ 2026-05-23 10:09:27,094 ] 1025 httpx - INFO - HTTP Request: GET https://dagshub.com/api/v1/user "HTTP/1.1 200 OK"
[ 2026-05-23 10:09:27,098 ] 107 dagshub - INFO - Initialized MLflow to track repo "Tanvi2307/NetworkSecurity-ml-project"
[ 2026-05-23 10:09:27,099 ] 107 dagshub - INFO - Repository Tanvi2307/NetworkSecurity-ml-project initialized!
[ 2026-05-23 10:09:27,099 ] 16 root - INFO - Initiate the data ingestion
[ 2026-05-23 10:09:28,929 ] 63 root - INFO - Performed train test split on the dataframe
[ 2026-05-23 10:09:28,930 ] 65 root - INFO - Exited split_data_as_train_test method of Data_Ingestion class
[ 2026-05-23 10:09:28,930 ] 71 root - INFO - Exporting train and test file path.
[ 2026-05-23 10:09:28,968 ] 79 root - INFO - Exported train and test file path.
[ 2026-05-23 10:09:28,968 ] 18 root - INFO - Data Initiation Completed
[ 2026-05-23 10:09:28,973 ] 22 root - INFO - Initiate the data validation
[ 2026-05-23 10:09:29,034 ] 31 root - INFO - Required number of columns:2
[ 2026-05-23 10:09:29,034 ] 32 root - INFO - Data frame has columns:31
[ 2026-05-23 10:09:29,034 ] 31 root - INFO - Required number of columns:2
[ 2026-05-23 10:09:29,034 ] 32 root - INFO - Data frame has columns:31
[ 2026-05-23 10:09:29,168 ] 24 root - INFO - Data Validation Completed
[ 2026-05-23 10:09:29,169 ] 27 root - INFO - data Transformation started
[ 2026-05-23 10:09:29,169 ] 60 root - INFO - Entered initiate_data_transformation method of DataTransformation class
[ 2026-05-23 10:09:29,169 ] 62 root - INFO - Starting data transformation
[ 2026-05-23 10:09:29,188 ] 41 root - INFO - Entered get_data_transformer_object method of Transformation class
[ 2026-05-23 10:09:29,188 ] 51 root - INFO - Initialise KNNImputer with {'missing_values': nan, 'n_neighbors': 3, 'weights': 'uniform'}
[ 2026-05-23 10:09:29,198 ] 45 root - INFO - Entered the save_object method of MainUtils class
[ 2026-05-23 10:09:29,201 ] 49 root - INFO - Exited the save_object method of MainUtils class
[ 2026-05-23 10:09:29,201 ] 45 root - INFO - Entered the save_object method of MainUtils class
[ 2026-05-23 10:09:29,202 ] 49 root - INFO - Exited the save_object method of MainUtils class
[ 2026-05-23 10:09:29,204 ] 31 root - INFO - data Transformation completed
[ 2026-05-23 10:09:29,204 ] 32 root - INFO - Model Training sstared
[ 2026-05-23 10:53:43,247 ] 45 root - INFO - Entered the save_object method of MainUtils class
[ 2026-05-23 10:53:43,252 ] 49 root - INFO - Exited the save_object method of MainUtils class
[ 2026-05-23 10:53:43,252 ] 45 root - INFO - Entered the save_object method of MainUtils class
[ 2026-05-23 10:53:43,283 ] 49 root - INFO - Exited the save_object method of MainUtils class
[ 2026-05-23 10:53:43,284 ] 122 root - INFO - Model trainer artifact: ModelTrainerArtifact(trained_model_file_path='Artifacts\\05_23_2026_10_09_20\\model_trainer\\trained_model\\model.pkl', train_metric_artifact=ClassificationMetricArtifact(f1_score=0.9921323381077265, precision_score=0.9903342730567861, recall_score=0.9939369442198869), test_metric_artifact=ClassificationMetricArtifact(f1_score=0.9708658186294624, precision_score=0.9633550488599348, recall_score=0.978494623655914))
[ 2026-05-23 10:53:43,292 ] 36 root - INFO - Model Training artifact created
